13421 -> Caught a Level 24 Rhyhorn. IV -> 51.61%
13422 -> Caught a Level 6 Roselia. IV -> 42.47%
13423 -> Caught a Level 11 Wurmple. IV -> 56.99%
13424 -> Caught a Level 10 Carnivine. IV -> 72.58%
13425 -> Caught a Level 2 Grovyle. IV -> 39.25%
13426 -> Caught a Level 30 Vanillite. IV -> 48.39%
13426 -> Caught a Level 30 Vanillite. IV -> 48.39%
13427 -> Caught a Level 4 Bagon. IV -> 45.70%
13428 -> Caught a Level 6 Tyrunt. IV -> 43.55%
13429 -> Caught a Level 25 Tentacool. IV -> 38.17%
13430 -> Caught a Level 23 Florges. IV -> 48.39%
13431 -> Caught a Level 13 Pansear. IV -> 61.29%
13432 -> Caught a Level 23 Dracovish. IV -> 61.29%
13433 -> Caught a Level 19 Shinx. IV -> 71.51%
13434 -> Caught a Level 5 Cyndaquil. IV -> 48.92%
13435 -> Caught a Level 1 Aurorus. IV -> 63.98%
13436 -> Caught a Level 13 Omastar. IV -> 39.78%
13437 -> Caught a Level 12 Politoed. IV -> 42.47%
13438 -> Caught a Level 8 Croconaw. IV -> 47.85%
13439 -> Caught a Level 16 Swinub. IV -> 57.53%
13440 -> Caught a Level 9 Bounsweet. IV -> 50.00%
13441 -> Caught a Level 12 Honedge. IV -> 54.30%
13442 -> Caught a Level 30 Chikorita. IV -> 35.48%
13443 -> Caught a Level 37 Decidueye. IV -> 47.85%
13444 -> Caught a Level 20 Poliwag. IV -> 46.24%
13445 -> Caught a Level 31 Slakoth. IV -> 40.86%
13446 -> Caught a Level 28 Golem. IV -> 57.53%
13447 -> Caught a Level 25 Elgyem. IV -> 71.51%
13448 -> Caught a Level 15 Klink. IV -> 43.55%
13449 -> Caught a Level 16 Caterpie. IV -> 61.29%
13451 -> Caught a Level 13 Pansage. IV -> 57.53%
13452 -> Caught a Level 22 Bounsweet. IV -> 52.15%
13453 -> Caught a Level 7 Torterra. IV -> 41.40%
13455 -> Caught a Level 35 Lombre. IV -> 69.89%
13456 -> Caught a Level 1 Machop. IV -> 37.63%
13457 -> Caught a Level 15 Bunnelby. IV -> 52.15%
13458 -> Caught a Level 10 Herdier. IV -> 36.02%
13459 -> Caught a Level 11 Whismur. IV -> 46.24%
13460 -> Caught a Level 8 Litten. IV -> 56.45%
13461 -> Caught a Level 7 Rattata. IV -> 56.99%
13462 -> Caught a Level 20 Aipom. IV -> 44.62%
13463 -> Caught a Level 14 Espurr. IV -> 56.99%
13464 -> Caught a Level 14 Drilbur. IV -> 41.40%
13465 -> Caught a Level 17 Tranquill. IV -> 46.77%
13466 -> Caught a Level 23 Patrat. IV -> 39.25%
13467 -> Caught a Level 34 Axew. IV -> 65.59%
13469 -> Caught a Level 16 Wurmple. IV -> 53.23%
13470 -> Caught a Level 23 Seedot. IV -> 41.94%
13471 -> Caught a Level 24 Klink. IV -> 43.01%
13472 -> Caught a Level 13 Stufful. IV -> 59.68%
13473 -> Caught a Level 10 Hawlucha. IV -> 51.08%
13473 -> Caught a Level 10 Hawlucha. IV -> 51.08%
13473 -> Caught a Level 10 Hawlucha. IV -> 51.08%
13491 -> Caught a Level 22 Shinx. IV -> 66.13%
13492 -> Caught a Level 2 Boldore. IV -> 37.63%
13493 -> Caught a Level 34 Cascoon. IV -> 53.76%
13494 -> Caught a Level 7 Zorua. IV -> 39.25%
13495 -> Caught a Level 29 Gourgeist. IV -> 66.13%
13496 -> Caught a Level 32 Sewaddle. IV -> 47.31%
13497 -> Caught a Level 27 Skwovet. IV -> 51.08%
13498 -> Caught a Level 13 Blipbug. IV -> 56.45%
13499 -> Caught a Level 17 Makuhita. IV -> 18.82%
13500 -> Caught a Level 14 Porygon. IV -> 60.22%
13501 -> Caught a Level 25 Ribombee. IV -> 37.10%
13502 -> Caught a Level 17 Muk. IV -> 56.99%
13503 -> Caught a Level 18 Tangela. IV -> 43.01%
13503 -> Caught a Level 18 Tangela. IV -> 43.01%
13504 -> Caught a Level 25 Tirtouga. IV -> 35.48%
13505 -> Caught a Level 7 Poliwag. IV -> 59.68%
13506 -> Caught a Level 40 Alcremie. IV -> 76.88%
13507 -> Caught a Level 13 Amaura. IV -> 58.06%
13508 -> Caught a Level 27 Starly. IV -> 63.44%
13509 -> Caught a Level 15 Oddish. IV -> 44.09%
13510 -> Caught a Level 21 Rattata. IV -> 47.31%
13511 -> Caught a Level 29 Abra. IV -> 35.48%
13512 -> Caught a Level 5 Espurr. IV -> 42.47%
13513 -> Caught a Level 1 Trumbeak. IV -> 38.17%
13514 -> Caught a Level 21 Natu. IV -> 26.88%
13515 -> Caught a Level 11 Tropius. IV -> 37.63%
13516 -> Caught a Level 11 Litwick. IV -> 58.06%
13517 -> Caught a Level 33 Gulpin. IV -> 48.92%
13518 -> Caught a Level 25 Marshtomp. IV -> 51.61%
13519 -> Caught a Level 34 Tepig. IV -> 74.73%
13519 -> Caught a Level 34 Tepig. IV -> 74.73%
13520 -> Caught a Level 23 Houndour. IV -> 34.95%
13521 -> Caught a Level 13 Flabébé. IV -> 51.08%
13522 -> Caught a Level 27 Trapinch. IV -> 24.73%
13523 -> Caught a Level 34 Eelektrik. IV -> 30.11%
13524 -> Caught a Level 17 Natu. IV -> 56.99%
13525 -> Caught a Level 18 Popplio. IV -> 40.86%
13526 -> Caught a Level 19 Bounsweet. IV -> 50.00%
13528 -> Caught a Level 20 Mareep. IV -> 45.70%
13529 -> Caught a Level 28 Fomantis. IV -> 48.92%
13530 -> Caught a Level 5 Bagon. IV -> 47.85%
13531 -> Caught a Level 18 Pikipek. IV -> 69.89%
13532 -> Caught a Level 1 Dodrio. IV -> 47.85%
13533 -> Caught a Level 1 Pignite. IV -> 55.38%
13534 -> Caught a Level 32 Gastly. IV -> 44.62%
13535 -> Caught a Level 16 Torterra. IV -> 38.71%
13536 -> Caught a Level 14 Kingdra. IV -> 45.70%
13537 -> Caught a Level 33 Carracosta. IV -> 59.68%
13537 -> Caught a Level 33 Carracosta. IV -> 59.68%
13538 -> Caught a Level 25 Aron. IV -> 54.84%
13539 -> Caught a Level 17 Goldeen. IV -> 45.16%
13540 -> Caught a Level 21 Sewaddle. IV -> 36.56%
13541 -> Caught a Level 13 Chewtle. IV -> 54.84%
13542 -> Caught a Level 14 Pidgey. IV -> 34.95%
13543 -> Caught a Level 13 Hoothoot. IV -> 43.55%
13544 -> Caught a Level 18 Blipbug. IV -> 55.38%
13545 -> Caught a Level 44 Zubat. IV -> 37.63%
13546 -> Caught a Level 7 Trapinch. IV -> 44.09%
13547 -> Caught a Level 35 Shinx. IV -> 36.56%
13548 -> Caught a Level 21 Hattrem. IV -> 59.14%
13549 -> Caught a Level 11 Yanmega. IV -> 41.94%
13550 -> Caught a Level 9 Teddiursa. IV -> 64.52%
13551 -> Caught a Level 28 Noibat. IV -> 50.54%
13552 -> Caught a Level 42 Goomy. IV -> 37.10%
13553 -> Caught a Level 18 Lunatone. IV -> 69.35%
13554 -> Caught a Level 18 Piplup. IV -> 53.76%
13555 -> Caught a Level 17 Clefairy. IV -> 71.51%
13556 -> Caught a Level 12 Jolteon. IV -> 42.47%
13557 -> Caught a Level 22 Fletchling. IV -> 46.77%
13557 -> Caught a Level 22 Fletchling. IV -> 46.77%
13558 -> Caught a Level 16 Panpour. IV -> 52.69%
13559 -> Caught a Level 26 Pidove. IV -> 59.68%
13560 -> Caught a Level 47 Solosis. IV -> 52.69%
13561 -> Caught a Level 23 Snivy. IV -> 58.06%
13562 -> Caught a Level 29 Frosmoth. IV -> 48.92%
13563 -> Caught a Level 9 Bellsprout. IV -> 37.63%
13563 -> Caught a Level 9 Bellsprout. IV -> 37.63%
13564 -> Caught a Level 2 Huntail. IV -> 48.39%
13565 -> Caught a Level 35 Blitzle. IV -> 43.01%
13566 -> Caught a Level 16 Zebstrika. IV -> 34.95%
13567 -> Caught a Level 23 Mankey. IV -> 43.55%
13568 -> Caught a Level 14 Ivysaur. IV -> 62.37%
13569 -> Caught a Level 12 Geodude. IV -> 60.22%
13570 -> Caught a Level 30 Cubchoo. IV -> 53.23%
13571 -> Caught a Level 30 Magmar. IV -> 55.38%
13572 -> Caught a Level 16 Probopass. IV -> 46.77%
13573 -> Caught a Level 21 Machop. IV -> 28.49%
13574 -> Caught a Level 13 Pidove. IV -> 46.77%
13575 -> Caught a Level 16 Poliwag. IV -> 82.26%
13576 -> Caught a Level 1 Zubat. IV -> 37.10%
13577 -> Caught a Level 17 Zorua. IV -> 29.57%
13578 -> Caught a Level 21 Mareanie. IV -> 39.25%
13578 -> Caught a Level 21 Mareanie. IV -> 39.25%
13579 -> Caught a Level 27 Bayleef. IV -> 38.71%
13580 -> Caught a Level 18 Swablu. IV -> 60.75%
13581 -> Caught a Level 32 Mudbray. IV -> 34.95%
13582 -> Caught a Level 20 Tranquill. IV -> 39.25%
13583 -> Caught a Level 17 Timburr. IV -> 54.30%
13584 -> Caught a Level 21 Vullaby. IV -> 31.72%
13585 -> Caught a Level 13 Zubat. IV -> 43.01%
13586 -> Caught a Level 9 Lillipup. IV -> 18.28%
13587 -> Caught a Level 46 Aron. IV -> 52.69%
13588 -> Caught a Level 25 Remoraid. IV -> 39.78%
13589 -> Caught a Level 25 Espurr. IV -> 34.95%
13590 -> Caught a Level 20 Woobat. IV -> 35.48%
13591 -> Caught a Level 13 Riolu. IV -> 61.29%
13591 -> Caught a Level 13 Riolu. IV -> 61.29%
13592 -> Caught a Level 11 Klink. IV -> 59.68%
13593 -> Caught a Level 20 Golurk. IV -> 56.99%
13594 -> Caught a Level 4 Sunkern. IV -> 69.89%
13595 -> Caught a Level 38 Oddish. IV -> 47.85%
13596 -> Caught a Level 34 Simisage. IV -> 41.40%
13597 -> Caught a Level 18 Pansage. IV -> 45.16%
13598 -> Caught a Level 18 Swirlix. IV -> 55.91%
13599 -> Caught a Level 28 Finneon. IV -> 42.47%
13600 -> Caught a Level 13 Klink. IV -> 41.94%
13601 -> Caught a Level 21 Passimian. IV -> 48.92%
13602 -> Caught a Level 14 Minun. IV -> 37.10%
13603 -> Caught a Level 19 Chikorita. IV -> 33.87%
13604 -> Caught a Level 26 Clobbopus. IV -> 58.60%
13605 -> Caught a Level 20 Mareep. IV -> 48.92%
13606 -> Caught a Level 40 Electivire. IV -> 48.39%
13607 -> Caught a Level 7 Drifloon. IV -> 54.84%
13608 -> Caught a Level 12 Sentret. IV -> 72.58%
13608 -> Caught a Level 12 Sentret. IV -> 72.58%
13609 -> Caught a Level 31 Tynamo. IV -> 33.87%
13610 -> Caught a Level 21 Dratini. IV -> 67.20%
13611 -> Caught a Level 11 Goldeen. IV -> 37.10%
13612 -> Caught a Level 26 Gastly. IV -> 66.13%
13613 -> Caught a Level 17 Croconaw. IV -> 48.39%
13614 -> Caught a Level 14 Surskit. IV -> 34.41%
13615 -> Caught a Level 2 Loudred. IV -> 12.90%
13616 -> Caught a Level 11 Zigzagoon. IV -> 39.25%
13617 -> Caught a Level 25 Lillipup. IV -> 40.32%
13627 -> Caught a Level 30 Phantump. IV -> 59.14%
13628 -> Caught a Level 22 Lotad. IV -> 50.54%
13629 -> Caught a Level 23 Charmander. IV -> 54.30%
13630 -> Caught a Level 20 Slakoth. IV -> 51.61%
13631 -> Caught a Level 16 Ditto. IV -> 51.08%
13632 -> Caught a Level 25 Lampent. IV -> 34.95%
13633 -> Caught a Level 33 Electabuzz. IV -> 42.47%
13634 -> Caught a Level 29 Beldum. IV -> 41.94%
14440 -> Caught a Level 13 Vanillite. IV -> 32.26%
14441 -> Caught a Level 23 Abomasnow. IV -> 50.54%
14442 -> Caught a Level 32 Alakazam. IV -> 47.31%
14443 -> Caught a Level 22 Toucannon. IV -> 55.91%
14443 -> Caught a Level 22 Toucannon. IV -> 55.91%
22 -> Caught a Level 26 Poliwrath. IV -> 58.60%
2399 -> Caught a Level 25 Litwick. IV -> 46.77%
14444 -> Caught a Level 19 Vulpix. IV -> 51.08%
14445 -> Caught a Level 31 Lillipup. IV -> 46.24%
2399 -> Caught a Level 25 Litwick. IV -> 46.77%
2399 -> Caught a Level 25 Litwick. IV -> 46.77%
22 -> Caught a Level 26 Poliwrath. IV -> 58.60%
14452 -> Caught a Level 32 Lotad. IV -> 56.45%
2399 -> Caught a Level 25 Litwick. IV -> 46.77%
22 -> Caught a Level 26 Poliwrath. IV -> 58.60%
2399 -> Caught a Level 25 Litwick. IV -> 46.77%
2399 -> Caught a Level 25 Litwick. IV -> 46.77%
22 -> Caught a Level 26 Poliwrath. IV -> 58.60%
14453 -> Caught a Level 51 Chimchar. IV -> 40.86%
2399 -> Caught a Level 25 Litwick. IV -> 46.77%
2399 -> Caught a Level 25 Litwick. IV -> 46.77%
2399 -> Caught a Level 25 Litwick. IV -> 46.77%
2399 -> Caught a Level 25 Litwick. IV -> 46.77%
14454 -> Caught a Level 20 Pancham. IV -> 47.85%
22 -> Caught a Level 26 Poliwrath. IV -> 58.60%
2399 -> Caught a Level 25 Litwick. IV -> 46.77%
22 -> Caught a Level 26 Poliwrath. IV -> 58.60%
2399 -> Caught a Level 25 Litwick. IV -> 46.77%
14455 -> Caught a Level 18 Abra. IV -> 44.09%
14455 -> Caught a Level 18 Abra. IV -> 44.09%
22 -> Caught a Level 26 Poliwrath. IV -> 58.60%
2399 -> Caught a Level 25 Litwick. IV -> 46.77%
22 -> Caught a Level 26 Poliwrath. IV -> 58.60%
14456 -> Caught a Level 17 Petilil. IV -> 49.46%
2399 -> Caught a Level 25 Litwick. IV -> 46.77%
22 -> Caught a Level 26 Poliwrath. IV -> 58.60%
2399 -> Caught a Level 25 Litwick. IV -> 46.77%
14457 -> Caught a Level 11 Infernape. IV -> 20.43%
22 -> Caught a Level 26 Poliwrath. IV -> 58.60%
22 -> Caught a Level 26 Poliwrath. IV -> 58.60%
2399 -> Caught a Level 25 Litwick. IV -> 46.77%
22 -> Caught a Level 26 Poliwrath. IV -> 58.60%
22 -> Caught a Level 26 Poliwrath. IV -> 58.60%
14458 -> Caught a Level 10 Dreepy. IV -> 71.51%
22 -> Caught a Level 26 Poliwrath. IV -> 58.60%
22 -> Caught a Level 26 Poliwrath. IV -> 58.60%
22 -> Caught a Level 26 Poliwrath. IV -> 58.60%
2399 -> Caught a Level 25 Litwick. IV -> 46.77%
14459 -> Caught a Level 19 Pidove. IV -> 70.43%
22 -> Caught a Level 26 Poliwrath. IV -> 58.60%
22 -> Caught a Level 26 Poliwrath. IV -> 58.60%
2399 -> Caught a Level 25 Litwick. IV -> 46.77%
14460 -> Caught a Level 25 Gastly. IV -> 51.08%
22 -> Caught a Level 26 Poliwrath. IV -> 58.60%
22 -> Caught a Level 26 Poliwrath. IV -> 58.60%
22 -> Caught a Level 26 Poliwrath. IV -> 58.60%
14461 -> Caught a Level 6 Seadra. IV -> 32.26%
22 -> Caught a Level 26 Poliwrath. IV -> 58.60%
22 -> Caught a Level 26 Poliwrath. IV -> 58.60%
22 -> Caught a Level 26 Poliwrath. IV -> 58.60%
22 -> Caught a Level 26 Poliwrath. IV -> 58.60%
22 -> Caught a Level 26 Poliwrath. IV -> 58.60%
14463 -> Caught a Level 19 Applin. IV -> 45.16%
22 -> Caught a Level 26 Poliwrath. IV -> 58.60%
22 -> Caught a Level 26 Poliwrath. IV -> 58.60%
2399 -> Caught a Level 25 Litwick. IV -> 46.77%
2399 -> Caught a Level 25 Litwick. IV -> 46.77%
14464 -> Caught a Level 23 Scizor. IV -> 51.61%
14465 -> Caught a Level 15 Skorupi. IV -> 41.40%
14466 -> Caught a Level 15 Trubbish. IV -> 54.30%
14467 -> Caught a Level 10 Dracozolt. IV -> 21.51%
14468 -> Caught a Level 24 Slugma. IV -> 59.68%
14469 -> Caught a Level 29 Vulpix. IV -> 48.92%
14470 -> Caught a Level 5 Roserade. IV -> 46.77%
14471 -> Caught a Level 17 Unfezant. IV -> 58.60%
14472 -> Caught a Level 36 Tirtouga. IV -> 67.20%
14473 -> Caught a Level 12 Lotad. IV -> 39.78%
14474 -> Caught a Level 3 Sentret. IV -> 40.32%
14475 -> Caught a Level 22 Bagon. IV -> 29.03%
14476 -> Caught a Level 21 Jigglypuff. IV -> 67.74%
14477 -> Caught a Level 3 Heatmor. IV -> 49.46%
14478 -> Caught a Level 36 Klink. IV -> 61.29%
14478 -> Caught a Level 36 Klink. IV -> 61.29%
14479 -> Caught a Level 24 Popplio. IV -> 48.39%
14480 -> Caught a Level 39 Hoppip. IV -> 64.52%
14481 -> Caught a Level 43 Sewaddle. IV -> 50.00%
14482 -> Caught a Level 25 Palpitoad. IV -> 54.84%
14482 -> Caught a Level 25 Palpitoad. IV -> 54.84%
14483 -> Caught a Level 26 Graveler. IV -> 70.43%
14484 -> Caught a Level 29 Servine. IV -> 52.15%
14485 -> Caught a Level 21 Mareep. IV -> 45.70%
14486 -> Caught a Level 11 Spritzee. IV -> 61.83%
14487 -> Caught a Level 19 Porygon2. IV -> 34.41%
14488 -> Caught a Level 8 Grimer. IV -> 41.94%
14489 -> Caught a Level 40 Timburr. IV -> 63.98%
14490 -> Caught a Level 22 Sliggoo. IV -> 56.45%
14491 -> Caught a Level 8 Anorith. IV -> 54.84%
14492 -> Caught a Level 38 Sewaddle. IV -> 39.78%
14493 -> Caught a Level 26 Remoraid. IV -> 56.99%
14494 -> Caught a Level 19 Oricorio. IV -> 65.05%
14495 -> Caught a Level 33 Rockruff. IV -> 43.55%
14496 -> Caught a Level 7 Steenee. IV -> 37.63%
14497 -> Caught a Level 47 Slugma. IV -> 46.77%
14498 -> Caught a Level 23 Nosepass. IV -> 46.24%
14499 -> Caught a Level 30 Pancham. IV -> 47.31%
14500 -> Caught a Level 26 Mudkip. IV -> 30.65%
14501 -> Caught a Level 19 Whirlipede. IV -> 47.85%
14501 -> Caught a Level 19 Whirlipede. IV -> 47.85%
14502 -> Caught a Level 22 Arrokuda. IV -> 40.32%
14502 -> Caught a Level 22 Arrokuda. IV -> 40.32%
14503 -> Caught a Level 3 Mawile. IV -> 39.78%
14504 -> Caught a Level 16 Burmy. IV -> 38.71%
14505 -> Caught a Level 23 Murkrow. IV -> 57.53%
14506 -> Caught a Level 19 Woobat. IV -> 41.40%
14507 -> Caught a Level 21 Taillow. IV -> 41.40%
14508 -> Caught a Level 19 Seedot. IV -> 32.80%
14510 -> Caught a Level 24 Snom. IV -> 60.22%
14511 -> Caught a Level 18 Fletchinder. IV -> 50.54%
14511 -> Caught a Level 18 Fletchinder. IV -> 50.54%
14512 -> Caught a Level 15 Munchlax. IV -> 61.83%
14513 -> Caught a Level 20 Seadra. IV -> 31.72%
14514 -> Caught a Level 26 Horsea. IV -> 61.83%
14515 -> Caught a Level 25 Togepi. IV -> 42.47%
14516 -> Caught a Level 29 Chinchou. IV -> 63.44%
14517 -> Caught a Level 15 Finneon. IV -> 52.15%
14518 -> Caught a Level 12 Stufful. IV -> 54.30%
14519 -> Caught a Level 14 Clauncher. IV -> 44.62%
14520 -> Caught a Level 21 Froakie. IV -> 43.01%
14520 -> Caught a Level 21 Froakie. IV -> 43.01%
14521 -> Caught a Level 11 Whismur. IV -> 60.75%
14522 -> Caught a Level 12 Axew. IV -> 62.90%
14523 -> Caught a Level 1 Magmar. IV -> 35.48%
14524 -> Caught a Level 18 Torchic. IV -> 53.76%
14525 -> Caught a Level 30 Vanilluxe. IV -> 44.62%
14526 -> Caught a Level 17 Rookidee. IV -> 50.54%
14527 -> Caught a Level 9 Corviknight. IV -> 48.39%
14528 -> Caught a Level 9 Rolycoly. IV -> 43.01%
14529 -> Caught a Level 2 Ivysaur. IV -> 53.76%
14530 -> Caught a Level 17 Hitmonlee. IV -> 27.96%
14531 -> Caught a Level 30 Slurpuff. IV -> 46.24%
14532 -> Caught a Level 1 Slakoth. IV -> 53.76%
14533 -> Caught a Level 16 Carvanha. IV -> 47.31%
14534 -> Caught a Level Lvl Jangmo. IV -> 58.60%
14535 -> Caught a Level 12 Roselia. IV -> 43.55%
14536 -> Caught a Level 19 Monferno. IV -> 43.55%
14537 -> Caught a Level 19 Karrablast. IV -> 56.45%
14538 -> Caught a Level 18 Goomy. IV -> 29.57%
14539 -> Caught a Level 1 Pidgey. IV -> 58.60%
14540 -> Caught a Level 6 Panpour. IV -> 39.78%
14540 -> Caught a Level 6 Panpour. IV -> 39.78%
14541 -> Caught a Level 11 Lairon. IV -> 48.39%
14542 -> Caught a Level 5 Eldegoss. IV -> 43.01%
14543 -> Caught a Level 7 Pupitar. IV -> 73.12%
14544 -> Caught a Level 8 Elgyem. IV -> 62.37%
14545 -> Caught a Level 15 Bellossom. IV -> 53.76%
14546 -> Caught a Level 26 Bounsweet. IV -> 60.75%
14547 -> Caught a Level 23 Poliwag. IV -> 30.11%
14548 -> Caught a Level 39 Gabite. IV -> 47.85%
14549 -> Caught a Level 11 Ursaring. IV -> 45.16%
14550 -> Caught a Level 17 Barraskewda. IV -> 61.29%
14551 -> Caught a Level 24 Venipede. IV -> 36.02%
14552 -> Caught a Level 8 Sewaddle. IV -> 58.06%
14553 -> Caught a Level 11 Gurdurr. IV -> 25.81%
14554 -> Caught a Level 10 Arceus. IV -> 60.75%
14555 -> Caught a Level 22 Chansey. IV -> 58.60%
14556 -> Caught a Level 18 Pidgeotto. IV -> 60.22%
14557 -> Caught a Level 30 Stufful. IV -> 39.25%
14558 -> Caught a Level 6 Pansear. IV -> 50.00%
14559 -> Caught a Level 19 Lotad. IV -> 55.91%
14560 -> Caught a Level 23 Fennekin. IV -> 68.28%
14561 -> Caught a Level 14 Horsea. IV -> 53.76%
14562 -> Caught a Level 9 Riolu. IV -> 66.13%
14563 -> Caught a Level 5 Fletchling. IV -> 65.05%
14564 -> Caught a Level 4 Weedle. IV -> 57.53%
14565 -> Caught a Level 9 Dratini. IV -> 57.53%
14566 -> Caught a Level 27 Zubat. IV -> 32.26%
14567 -> Caught a Level 26 Spritzee. IV -> 59.68%
14568 -> Caught a Level 29 Kabuto. IV -> 50.54%
14569 -> Caught a Level 32 Shinx. IV -> 61.29%
14570 -> Caught a Level 25 Eevee. IV -> 29.57%
14571 -> Caught a Level 1 Oddish. IV -> 59.14%
14572 -> Caught a Level 19 Magikarp. IV -> 65.05%
14573 -> Caught a Level 10 Clobbopus. IV -> 58.60%
14574 -> Caught a Level 28 Pidgey. IV -> 48.39%
14575 -> Caught a Level 12 Pawniard. IV -> 51.08%
14576 -> Caught a Level 27 Swinub. IV -> 48.39%
14577 -> Caught a Level 20 Delcatty. IV -> 33.87%
14578 -> Caught a Level 25 Hatenna. IV -> 45.16%
14579 -> Caught a Level 29 Nidoran. IV -> 33.33%
14580 -> Caught a Level 34 Blipbug. IV -> 62.90%
14580 -> Caught a Level 34 Blipbug. IV -> 62.90%
14581 -> Caught a Level 17 Swinub. IV -> 39.78%
14582 -> Caught a Level 10 Elgyem. IV -> 32.26%
14583 -> Caught a Level 18 Loudred. IV -> 46.24%
14584 -> Caught a Level 17 Cacnea. IV -> 48.92%
14585 -> Caught a Level 9 Clauncher. IV -> 59.68%
14586 -> Caught a Level 43 Carvanha. IV -> 30.65%
14587 -> Caught a Level 17 Pikachu. IV -> 50.54%
14588 -> Caught a Level 6 Goomy. IV -> 51.61%
14589 -> Caught a Level 23 Wurmple. IV -> 50.54%
14590 -> Caught a Level 31 Slaking. IV -> 55.38%
14591 -> Caught a Level 27 Trapinch. IV -> 50.00%
14592 -> Caught a Level 21 Togepi. IV -> 51.61%
14593 -> Caught a Level 9 Pidgey. IV -> 52.15%
14593 -> Caught a Level 9 Pidgey. IV -> 52.15%
14594 -> Caught a Level 21 Pansear. IV -> 46.24%
14595 -> Caught a Level 12 Pidgey. IV -> 63.98%
14596 -> Caught a Level 20 Starly. IV -> 42.47%
14597 -> Caught a Level 23 Trapinch. IV -> 41.40%
14598 -> Caught a Level 10 Lotad. IV -> 34.41%
14599 -> Caught a Level 5 Marshtomp. IV -> 61.83%
14600 -> Caught a Level 18 Geodude. IV -> 52.15%
14601 -> Caught a Level 13 Vullaby. IV -> 53.23%
14602 -> Caught a Level 13 Inkay. IV -> 67.74%
14603 -> Caught a Level 1 Totodile. IV -> 40.32%
14604 -> Caught a Level 15 Taillow. IV -> 55.38%
14605 -> Caught a Level 23 Flaaffy. IV -> 48.92%
14606 -> Caught a Level 28 Archen. IV -> 32.80%
14607 -> Caught a Level 31 Seel. IV -> 72.04%
14608 -> Caught a Level 24 Feraligatr. IV -> 51.61%
14609 -> Caught a Level 12 Frillish. IV -> 57.53%
14610 -> Caught a Level 22 Larvesta. IV -> 40.86%
14611 -> Caught a Level 27 Roggenrola. IV -> 43.01%
14612 -> Caught a Level 1 Banette. IV -> 40.32%
14613 -> Caught a Level 11 Crabominable. IV -> 70.97%
14613 -> Caught a Level 11 Crabominable. IV -> 70.97%
14614 -> Caught a Level 1 Tympole. IV -> 59.68%
14615 -> Caught a Level 5 Nuzleaf. IV -> 38.71%
14616 -> Caught a Level 11 Glameow. IV -> 38.71%
14617 -> Caught a Level 21 Lickitung. IV -> 51.61%
14619 -> Caught a Level 25 Chimchar. IV -> 47.85%
14620 -> Caught a Level 5 Natu. IV -> 44.62%
14621 -> Caught a Level 9 Timburr. IV -> 56.45%
14622 -> Caught a Level 33 Sentret. IV -> 33.33%
14623 -> Caught a Level 33 Axew. IV -> 59.68%
14624 -> Caught a Level 16 Solrock. IV -> 56.45%
14625 -> Caught a Level 13 Timburr. IV -> 46.24%
14628 -> Caught a Level 29 Primarina. IV -> 44.62%
14629 -> Caught a Level 17 Binacle. IV -> 52.15%
14630 -> Caught a Level 17 Joltik. IV -> 55.38%
14631 -> Caught a Level 1 Shieldon. IV -> 46.77%
14632 -> Caught a Level 41 Fletchling. IV -> 40.86%
14633 -> Caught a Level 14 Skiploom. IV -> 59.14%
14634 -> Caught a Level 7 Whirlipede. IV -> 48.92%
14635 -> Caught a Level 20 Morelull. IV -> 77.42%
14636 -> Caught a Level 7 Grubbin. IV -> 69.35%
14638 -> Caught a Level 27 Golett. IV -> 40.86%
14639 -> Caught a Level 35 Skorupi. IV -> 45.70%
14640 -> Caught a Level 23 Spoink. IV -> 51.08%
14641 -> Caught a Level 10 Blipbug. IV -> 41.94%
14642 -> Caught a Level 41 Lillipup. IV -> 37.10%
14642 -> Caught a Level 41 Lillipup. IV -> 37.10%
14643 -> Caught a Level 28 Rookidee. IV -> 57.53%
14644 -> Caught a Level 21 Parasect. IV -> 50.00%
14645 -> Caught a Level 31 Hatenna. IV -> 48.39%
14645 -> Caught a Level 31 Hatenna. IV -> 48.39%
14646 -> Caught a Level 33 Kecleon. IV -> 32.26%
14647 -> Caught a Level 1 Sewaddle. IV -> 48.92%
14648 -> Caught a Level 16 Shinx. IV -> 57.53%
14648 -> Caught a Level 16 Shinx. IV -> 57.53%
14649 -> Caught a Level 18 Stufful. IV -> 47.85%
14650 -> Caught a Level 38 Weepinbell. IV -> 37.63%
14651 -> Caught a Level 18 Bellsprout. IV -> 59.68%
14652 -> Caught a Level 29 Floette. IV -> 37.10%
14654 -> Caught a Level 26 Heliolisk. IV -> 40.32%
14655 -> Caught a Level 13 Teddiursa. IV -> 74.19%
14656 -> Caught a Level 4 Morelull. IV -> 48.92%
14657 -> Caught a Level 29 Seel. IV -> 43.55%
14658 -> Caught a Level 15 Goomy. IV -> 65.59%
14659 -> Caught a Level 1 Bulbasaur. IV -> 32.26%
14660 -> Caught a Level 16 Silcoon. IV -> 38.71%
14662 -> Caught a Level 16 Klink. IV -> 36.02%
14663 -> Caught a Level 5 Beldum. IV -> 32.26%
14664 -> Caught a Level 29 Lilligant. IV -> 53.23%
14666 -> Caught a Level 18 Archen. IV -> 53.23%
14667 -> Caught a Level 18 Escavalier. IV -> 29.57%
14668 -> Caught a Level 13 Duskull. IV -> 47.85%
14668 -> Caught a Level 13 Duskull. IV -> 47.85%
13637 -> Caught a Level echoo Metapod. IV -> 59.14%
14451 -> Caught a Level 19 Xerneas. IV -> 43.01%
14669 -> Caught a Level 18 Popplio. IV -> 38.17%
14669 -> Caught a Level 18 Popplio. IV -> 38.17%
14677 -> Caught a Level 8 Gliscor. IV -> 44.62%
14678 -> Caught a Level 14 Ralts. IV -> 48.92%
14679 -> Caught a Level 27 Grubbin. IV -> 20.97%
14679 -> Caught a Level 27 Grubbin. IV -> 20.97%
14680 -> Caught a Level 18 Rolycoly. IV -> 46.24%
14680 -> Caught a Level 18 Rolycoly. IV -> 46.24%
14681 -> Caught a Level 14 Kleavor. IV -> 44.62%
14681 -> Caught a Level 14 Kleavor. IV -> 44.62%
14682 -> Caught a Level 50 Torracat. IV -> 60.75%
14683 -> Caught a Level 26 Elgyem. IV -> 62.90%
14684 -> Caught a Level 21 Solosis. IV -> 61.29%
1715 -> Caught a Level fs Ice. IV -> 32.26%
14685 -> Caught a Level 21 Chespin. IV -> 43.55%
1568 -> Caught a Level Lvl Snowball. IV -> 70.97%
14686 -> Caught a Level 21 Lotad. IV -> 55.91%
14687 -> Caught a Level 12 Mareep. IV -> 72.58%
14688 -> Caught a Level 6 Palossand. IV -> 47.85%
14689 -> Caught a Level 22 Lillipup. IV -> 60.22%
14690 -> Caught a Level 3 Rolycoly. IV -> 46.77%
14691 -> Caught a Level 8 Bounsweet. IV -> 43.01%
14693 -> Caught a Level 22 Zubat. IV -> 55.91%
14694 -> Caught a Level 16 Onix. IV -> 46.77%
14696 -> Caught a Level 11 Archen. IV -> 58.06%
14697 -> Caught a Level 12 Gothita. IV -> 32.80%
14698 -> Caught a Level 27 Bounsweet. IV -> 61.29%
14699 -> Caught a Level 32 Croconaw. IV -> 46.24%
14701 -> Caught a Level 26 Wurmple. IV -> 40.32%
14701 -> Caught a Level 26 Wurmple. IV -> 40.32%
14702 -> Caught a Level 17 Tentacool. IV -> 53.23%
14703 -> Caught a Level 23 Impidimp. IV -> 50.00%
14704 -> Caught a Level 25 Vibrava. IV -> 40.32%
14705 -> Caught a Level 7 Zoroark. IV -> 65.59%
14707 -> Caught a Level 32 Rhydon. IV -> 69.35%
14708 -> Caught a Level 14 Cherubi. IV -> 62.90%
14709 -> Caught a Level 19 Ledyba. IV -> 49.46%
14710 -> Caught a Level 1 Togepi. IV -> 48.92%
14712 -> Caught a Level 30 Hippopotas. IV -> 39.78%
14713 -> Caught a Level 5 Aggron. IV -> 54.30%
14714 -> Caught a Level 11 Toxel. IV -> 51.08%
14715 -> Caught a Level 16 Ducklett. IV -> 34.95%
14716 -> Caught a Level 30 Excadrill. IV -> 67.74%
14717 -> Caught a Level 17 Litleo. IV -> 39.78%
14718 -> Caught a Level 35 Chespin. IV -> 40.86%
14719 -> Caught a Level 11 Ralts. IV -> 27.42%
14720 -> Caught a Level 1 Oshawott. IV -> 47.31%
14721 -> Caught a Level 9 Elgyem. IV -> 43.01%
14723 -> Caught a Level 37 Dusclops. IV -> 61.83%
14724 -> Caught a Level 20 Drifblim. IV -> 55.38%
14725 -> Caught a Level 14 Lairon. IV -> 48.39%
14727 -> Caught a Level 5 Absol. IV -> 27.42%
2 -> Caught a Level 1 Spritzee. IV -> 32.80%
5 -> Caught a Level 3 Sunflora. IV -> 59.14%
6 -> Caught a Level 8 Ledyba. IV -> 58.06%
6 -> Caught a Level 8 Ledyba. IV -> 58.06%
7 -> Caught a Level 12 Tranquill. IV -> 46.77%
7 -> Caught a Level 12 Tranquill. IV -> 46.77%
9 -> Caught a Level Lvl Jangmo. IV -> 54.30%
10 -> Caught a Level 1 Gothita. IV -> 33.33%
10 -> Caught a Level 1 Gothita. IV -> 33.33%
10 -> Caught a Level 1 Gothita. IV -> 33.33%
11 -> Caught a Level 31 Teddiursa. IV -> 53.23%
13 -> Caught a Level 11 Ursaring. IV -> 65.59%
13 -> Caught a Level 11 Ursaring. IV -> 65.59%
15 -> Caught a Level 38 Gothita. IV -> 53.23%
Cryogonal -> 29
Vivillon -> 21
Mudkip -> 4
Pidgey -> 26
Lileep -> 23
Nidorino -> 5
Skorupi -> 28
Grubbin -> 28
Sewaddle -> 28
Rolycoly -> 1
Krokorok -> 1
Kadabra -> 30
Blissey -> 4
Dragalge -> 2
Duosion -> 9
Venipede -> 1
Forretress -> 7
Zubat -> 16
Spearow -> 35
Charmeleon -> 7
Spinarak -> 24
Chatot -> 2
Ekans -> 21
Blue-Striped -> 16
Taillow -> 26
Hatenna -> 12
Rookidee -> 15
Hakamo-o -> 27
Fletchling -> 17
Espeon -> 34
Starly -> 30
Gothita -> 11
Cutiefly -> 32
Metagross -> 44
Pidgey -> 1
Fletchling -> 23
Dottler -> 19
Krabby -> 19
Kricketot -> 7
Floette -> 15
Panpour -> 36
Grimer -> 31
Spinarak -> 33
Timburr -> 22
Aipom -> 22
Hisuian -> 17
Scatterbug -> 39
Cottonee -> 16
Aurorus -> 32
Skwovet -> 35
Cinderace -> 33
Munna -> 10
Pidove -> 31
Haunter -> 4
Thwackey -> 1
Psyduck -> 29
Hatenna -> 21
Meditite -> 24
Venipede -> 17
Floette -> 36
Haunter -> 7
Jangmo-o -> 17
Jangmo-o -> 21
Weedle -> 1
Spinarak -> 7
Bulbasaur -> 20
Venipede -> 13
Tympole -> 28
Marshtomp -> 1
Oshawott -> 17
Dewott -> 19
Pansear -> 18
Voltorb -> 12
Espeon -> 19
Deerling -> 24
Venipede -> 17
Bronzor -> 13
Fomantis -> 12
Diggersby -> 18
Chesnaught -> 27
Omanyte -> 20
Gulpin -> 24
Pansage -> 13
Liepard -> 34
Bounsweet -> 29
Lillipup -> 18
Combee -> 20
Burmy -> 19
Squirtle -> 16
Poliwhirl -> 25
Meditite -> 40
Pachirisu -> 12
Litwick -> 20
Rhyhorn -> 3
Gogoat -> 24
Dhelmise -> 15
Scatterbug -> 10
Yanmega -> 21
Pikipek -> 22
Rhyhorn -> 22
Wimpod -> 16
Cufant -> 15
Chansey -> 3
Caterpie -> 5
Klink -> 20
Espurr -> 14
Typhlosion -> 23
Venipede -> 19
Scrafty -> 14
Drapion -> 18
Smeargle -> 11
Tympole -> 16
Rufflet -> 32
Feebas -> 21
Bellsprout -> 28
Duskull -> 22
Woobat -> 10
Aron -> 24
Cutiefly -> 16
Basculin -> 36
Seedot -> 25
Nosepass -> 10
Axew -> 14
Seedot -> 10
Nidoranâ™€ï¸ -> 42
Starmie -> 14
Whirlipede -> 24
Komala -> 21
Weedle -> 11
Wurmple -> 22
Hoppip -> 35
Swadloon -> 16
Metapod -> 23
Solosis -> 7
Dusclops -> 23
Machoke -> 19
Durant -> 20
Hattrem -> 20
Barbaracle -> 15
Charjabug -> 6
Tynamo -> 26
Victreebel -> 29
Ludicolo -> 1
Bellsprout -> 13
Geodude -> 15
Sandile -> 32
Quilladin -> 49
Palpitoad -> 7
Murkrow -> 16
Snom -> 38
Larvitar -> 8
Lotad -> 5
